<?xml version="1.0" encoding="UTF-8"?>
<!-- Generated by org.testng.reporters.JUnitReportReporter -->
<testsuite hostname="DESKTOP-PJ5JRQT" failures="0" tests="1" name="com.selenium.jenkins.Test" time="0.411" errors="0" timestamp="04 Jan 2024 03:26:16 GMT" skipped="0">
  <testcase classname="com.selenium.jenkins.Test" name="test" time="0.411"/>
</testsuite> <!-- com.selenium.jenkins.Test -->
