<?xml version="1.0" encoding="UTF-8"?>
<!-- Generated by org.testng.reporters.JUnitReportReporter -->
<testsuite skipped="0" hostname="DESKTOP-PJ5JRQT" name="com.selenium.jenkins.NewTest" tests="1" failures="0" timestamp="04 Jan 2024 04:54:05 GMT" time="0.449" errors="0">
  <testcase name="test" time="0.449" classname="com.selenium.jenkins.NewTest"/>
</testsuite> <!-- com.selenium.jenkins.NewTest -->
